<?xml version="1.0" encoding="UTF-8"?>
<testsuite name="AnimalsTest" tests="6" skipped="0" failures="0" errors="0" timestamp="2019-12-11T23:01:50" hostname="Aldrins-MBP" time="0.07">
  <properties/>
  <testcase name="TestDogEats()" classname="AnimalsTest" time="0.029"/>
  <testcase name="TestCat()" classname="AnimalsTest" time="0.008"/>
  <testcase name="TestDog()" classname="AnimalsTest" time="0.003"/>
  <testcase name="TestCatSound()" classname="AnimalsTest" time="0.006"/>
  <testcase name="TestDogSound()" classname="AnimalsTest" time="0.001"/>
  <testcase name="TestCatEats()" classname="AnimalsTest" time="0.005"/>
  <system-out><![CDATA[Food
Food
Food
Meow
Meow
Food
Food
Barks
Barks
Meow
Barks
Food
]]></system-out>
  <system-err><![CDATA[]]></system-err>
</testsuite>
